<?xml version="1.0" encoding="UTF-8"?>
<testng-results skipped="0" failed="0" total="2" passed="2">
  <reporter-output>
    <line>
      <![CDATA[检查在Android系统中，首次启动通讯功能，点击添加按钮后，可以正常进入添加界面]]>
    </line>
    <line>
      <![CDATA[能正确添加通讯录信息]]>
    </line>
  </reporter-output>
  <suite name="Appium测试报告通讯录" duration-ms="54354" started-at="2018-06-14T05:30:53Z" finished-at="2018-06-14T05:31:47Z">
    <groups>
    </groups>
    <test name="通讯录添加流程" duration-ms="54354" started-at="2018-06-14T05:30:53Z" finished-at="2018-06-14T05:31:47Z">
      <class name="TestCases.AndroidContactsTest">
        <test-method status="PASS" signature="stup()[pri:0, instance:TestCases.AndroidContactsTest@1174c28a]" name="stup" is-config="true" duration-ms="19901" started-at="2018-06-14T13:30:53Z" finished-at="2018-06-14T13:31:13Z">
          <reporter-output>
          </reporter-output>
        </test-method> <!-- stup -->
        <test-method status="PASS" signature="case1()[pri:0, instance:TestCases.AndroidContactsTest@1174c28a]" name="case1" duration-ms="9737" started-at="2018-06-14T13:31:13Z" finished-at="2018-06-14T13:31:23Z">
          <reporter-output>
            <line>
              <![CDATA[检查在Android系统中，首次启动通讯功能，点击添加按钮后，可以正常进入添加界面]]>
            </line>
          </reporter-output>
        </test-method> <!-- case1 -->
        <test-method status="PASS" signature="case2()[pri:0, instance:TestCases.AndroidContactsTest@1174c28a]" name="case2" duration-ms="22945" started-at="2018-06-14T13:31:23Z" finished-at="2018-06-14T13:31:46Z">
          <reporter-output>
            <line>
              <![CDATA[能正确添加通讯录信息]]>
            </line>
          </reporter-output>
        </test-method> <!-- case2 -->
        <test-method status="PASS" signature="TearDown()[pri:0, instance:TestCases.AndroidContactsTest@1174c28a]" name="TearDown" is-config="true" duration-ms="1695" started-at="2018-06-14T13:31:46Z" finished-at="2018-06-14T13:31:47Z">
          <reporter-output>
          </reporter-output>
        </test-method> <!-- TearDown -->
      </class> <!-- TestCases.AndroidContactsTest -->
    </test> <!-- 通讯录添加流程 -->
  </suite> <!-- Appium测试报告通讯录 -->
</testng-results>
